<?xml version="1.0" encoding="UTF-8"?>
<!-- Generated by org.testng.reporters.JUnitReportReporter -->
<testsuite hostname="DESKTOP-40HIA6A" name="testExecution.test.scenarios.TestSuite" tests="1" failures="0" timestamp="15 Jan 2020 09:58:45 GMT" time="12.420" errors="0">
  <testcase name="testName" time="12.420" classname="testExecution.test.scenarios.TestSuite"/>
</testsuite> <!-- testExecution.test.scenarios.TestSuite -->
