<?xml version="1.0" encoding="UTF-8"?>
<!-- Generated by org.testng.reporters.JUnitReportReporter -->
<testsuite hostname="DESKTOP-40HIA6A" name="testExecutions.test.scenarios.TestSuite" tests="1" failures="0" timestamp="17 Jan 2020 10:41:11 GMT" time="20.225" errors="0">
  <testcase name="testName" time="20.225" classname="testExecutions.test.scenarios.TestSuite"/>
</testsuite> <!-- testExecutions.test.scenarios.TestSuite -->
