<?xml version="1.0" encoding="UTF-8"?>
<!-- Generated by org.testng.reporters.JUnitReportReporter -->
<testsuite hostname="DESKTOP-3051Q6L" name="testExecutions.test.scenarios.TestSuite" tests="1" failures="0" timestamp="29 Jan 2020 10:13:02 GMT" time="20.188" errors="0">
  <testcase name="testName" time="20.188" classname="testExecutions.test.scenarios.TestSuite"/>
</testsuite> <!-- testExecutions.test.scenarios.TestSuite -->
